\BOOKMARK [0][-]{section*.2}{List of Tables}{}% 1
\BOOKMARK [0][-]{section*.4}{List of Figures}{}% 2
\BOOKMARK [0][-]{section*.7}{Glossary}{}% 3
\BOOKMARK [0][-]{chapter.1}{Introduction}{}% 4
\BOOKMARK [1][-]{section.1.1}{Defining the urban surface}{chapter.1}% 5
\BOOKMARK [1][-]{section.1.2}{The urban radiation budget}{chapter.1}% 6
\BOOKMARK [1][-]{section.1.3}{The structure of the following sections}{chapter.1}% 7
\BOOKMARK [0][-]{chapter.2}{A method to correct upwelling longwave radiation to estimate hemispherical urban surface temperature}{}% 8
\BOOKMARK [1][-]{section.2.1}{Introduction}{chapter.2}% 9
\BOOKMARK [1][-]{section.2.2}{Atmospheric effects on TIR}{chapter.2}% 10
\BOOKMARK [2][-]{subsection.2.2.1}{Relating TIR and surface temperature}{section.2.2}% 11
\BOOKMARK [2][-]{subsection.2.2.2}{Atmospheric correction of near-ground TIR}{section.2.2}% 12
\BOOKMARK [1][-]{section.2.3}{A "rolling lookup table" method for hemispherical atmospheric correction}{chapter.2}% 13
\BOOKMARK [2][-]{subsection.2.3.1}{Study area}{section.2.3}% 14
\BOOKMARK [2][-]{subsection.2.3.2}{Modeling path lengths of 3-dimensional terrain}{section.2.3}% 15
\BOOKMARK [2][-]{subsection.2.3.3}{Modeling hemispherical irradiances}{section.2.3}% 16
\BOOKMARK [1][-]{section.2.4}{Evaluation of the method using profiles of upwelling longwave radiation over a homogeneous planar surface}{chapter.2}% 17
\BOOKMARK [0][-]{chapter.3}{A climatology of urban surface heat islands derived from hemispherical radiometric surface temperatures}{}% 18
\BOOKMARK [1][-]{section.3.1}{Introduction}{chapter.3}% 19
\BOOKMARK [1][-]{section.3.2}{Bias in Thermal remote sensing}{chapter.3}% 20
\BOOKMARK [0][-]{section*.10}{References}{}% 21
