This is pdfTeX, Version 3.14159265-2.6-1.40.17 (MiKTeX 2.9.6210 64-bit) (preloaded format=pdflatex 2017.1.10)  10 MAY 2017 20:46
entering extended mode
**./uw-ethesis.tex
(uw-ethesis.tex
LaTeX2e <2016/03/31> patch level 3
Babel <3.9r> and hyphenation patterns for 75 language(s) loaded.
("C:\Program Files\MiKTeX 2.9\tex\latex\base\book.cls"
Document Class: book 2014/09/29 v1.4h Standard LaTeX document class
("C:\Program Files\MiKTeX 2.9\tex\latex\base\bk12.clo"
File: bk12.clo 2014/09/29 v1.4h Standard LaTeX file (size option)
)
\c@part=\count79
\c@chapter=\count80
\c@section=\count81
\c@subsection=\count82
\c@subsubsection=\count83
\c@paragraph=\count84
\c@subparagraph=\count85
\c@figure=\count86
\c@table=\count87
\abovecaptionskip=\skip41
\belowcaptionskip=\skip42
\bibindent=\dimen102
)
("C:\Program Files\MiKTeX 2.9\tex\latex\base\ifthen.sty"
Package: ifthen 2014/09/29 v1.1c Standard LaTeX ifthen package (DPC)
)
("C:\Program Files\MiKTeX 2.9\tex\latex\amsmath\amsmath.sty"
Package: amsmath 2016/06/28 v2.15d AMS math features
\@mathmargin=\skip43

For additional information on amsmath, use the `?' option.
("C:\Program Files\MiKTeX 2.9\tex\latex\amsmath\amstext.sty"
Package: amstext 2000/06/29 v2.01 AMS text

("C:\Program Files\MiKTeX 2.9\tex\latex\amsmath\amsgen.sty"
File: amsgen.sty 1999/11/30 v2.0 generic functions
\@emptytoks=\toks14
\ex@=\dimen103
))
("C:\Program Files\MiKTeX 2.9\tex\latex\amsmath\amsbsy.sty"
Package: amsbsy 1999/11/29 v1.2d Bold Symbols
\pmbraise@=\dimen104
)
("C:\Program Files\MiKTeX 2.9\tex\latex\amsmath\amsopn.sty"
Package: amsopn 2016/03/08 v2.02 operator names
)
\inf@bad=\count88
LaTeX Info: Redefining \frac on input line 199.
\uproot@=\count89
\leftroot@=\count90
LaTeX Info: Redefining \overline on input line 297.
\classnum@=\count91
\DOTSCASE@=\count92
LaTeX Info: Redefining \ldots on input line 394.
LaTeX Info: Redefining \dots on input line 397.
LaTeX Info: Redefining \cdots on input line 518.
\Mathstrutbox@=\box26
\strutbox@=\box27
\big@size=\dimen105
LaTeX Font Info:    Redeclaring font encoding OML on input line 634.
LaTeX Font Info:    Redeclaring font encoding OMS on input line 635.
\macc@depth=\count93
\c@MaxMatrixCols=\count94
\dotsspace@=\muskip10
\c@parentequation=\count95
\dspbrk@lvl=\count96
\tag@help=\toks15
\row@=\count97
\column@=\count98
\maxfields@=\count99
\andhelp@=\toks16
\eqnshift@=\dimen106
\alignsep@=\dimen107
\tagshift@=\dimen108
\tagwidth@=\dimen109
\totwidth@=\dimen110
\lineht@=\dimen111
\@envbody=\toks17
\multlinegap=\skip44
\multlinetaggap=\skip45
\mathdisplay@stack=\toks18
LaTeX Info: Redefining \[ on input line 2739.
LaTeX Info: Redefining \] on input line 2740.
)
("C:\Program Files\MiKTeX 2.9\tex\latex\amsfonts\amssymb.sty"
Package: amssymb 2013/01/14 v3.01 AMS font symbols

("C:\Program Files\MiKTeX 2.9\tex\latex\amsfonts\amsfonts.sty"
Package: amsfonts 2013/01/14 v3.01 Basic AMSFonts support
\symAMSa=\mathgroup4
\symAMSb=\mathgroup5
LaTeX Font Info:    Overwriting math alphabet `\mathfrak' in version `bold'
(Font)                  U/euf/m/n --> U/euf/b/n on input line 106.
))
("C:\Program Files\MiKTeX 2.9\tex\latex\graphics\graphicx.sty"
Package: graphicx 2014/10/28 v1.0g Enhanced LaTeX Graphics (DPC,SPQR)

("C:\Program Files\MiKTeX 2.9\tex\latex\graphics\keyval.sty"
Package: keyval 2014/10/28 v1.15 key=value parser (DPC)
\KV@toks@=\toks19
)
("C:\Program Files\MiKTeX 2.9\tex\latex\graphics\graphics.sty"
Package: graphics 2016/07/10 v1.0t Standard LaTeX Graphics (DPC,SPQR)

("C:\Program Files\MiKTeX 2.9\tex\latex\graphics\trig.sty"
Package: trig 2016/01/03 v1.10 sin cos tan (DPC)
)
("C:\Program Files\MiKTeX 2.9\tex\latex\graphics-cfg\graphics.cfg"
File: graphics.cfg 2016/06/04 v1.11 sample graphics configuration
)
Package graphics Info: Driver file: pdftex.def on input line 99.

("C:\Program Files\MiKTeX 2.9\tex\latex\graphics-def\pdftex.def"
File: pdftex.def 2016/07/10 v0.06j Graphics/color for pdfTeX

("C:\Program Files\MiKTeX 2.9\tex\generic\oberdiek\infwarerr.sty"
Package: infwarerr 2016/05/16 v1.4 Providing info/warning/error messages (HO)
)
("C:\Program Files\MiKTeX 2.9\tex\generic\oberdiek\ltxcmds.sty"
Package: ltxcmds 2016/05/16 v1.23 LaTeX kernel commands for general use (HO)
)
\Gread@gobject=\count100
))
\Gin@req@height=\dimen112
\Gin@req@width=\dimen113
)
(C:\Users\05mic\AppData\Roaming\MiKTeX\2.9\tex\latex\siunitx\siunitx.sty
(C:\Users\05mic\AppData\Roaming\MiKTeX\2.9\tex\latex\l3kernel\expl3.sty
Package: expl3 2016/11/21 v6760 L3 programming layer (loader) 

(C:\Users\05mic\AppData\Roaming\MiKTeX\2.9\tex\latex\l3kernel\expl3-code.tex
Package: expl3 2016/11/21 v6760 L3 programming layer (code)
L3 Module: l3bootstrap 2016/06/13 v6596 L3 Bootstrap code
L3 Module: l3names 2016/10/13 v6722 L3 Namespace for primitives
L3 Module: l3basics 2016/09/01 v6696 L3 Basic definitions
L3 Module: l3expan 2016/08/19 v6684 L3 Argument expansion
L3 Module: l3tl 2016/08/19 v6692 L3 Token lists
L3 Module: l3str 2016/08/19 v6692 L3 Strings
L3 Module: l3seq 2016/08/19 v6685 L3 Sequences and stacks
L3 Module: l3int 2016/09/07 v6700 L3 Integers
\c_max_int=\count101
\l_tmpa_int=\count102
\l_tmpb_int=\count103
\g_tmpa_int=\count104
\g_tmpb_int=\count105
L3 Module: l3quark 2016/08/19 v6685 L3 Quarks
L3 Module: l3prg 2016/08/18 v6679 L3 Control structures
\g__prg_map_int=\count106
L3 Module: l3clist 2016/08/19 v6685 L3 Comma separated lists
L3 Module: l3token 2016/09/01 v6695 L3 Experimental token manipulation
L3 Module: l3prop 2016/08/19 v6685 L3 Property lists
L3 Module: l3msg 2016/08/19 v6691 L3 Messages
L3 Module: l3file 2016/08/19 v6685 L3 File and I/O operations
\l_iow_line_count_int=\count107
\l__iow_target_count_int=\count108
\l__iow_current_line_int=\count109
\l__iow_current_word_int=\count110
\l__iow_current_indentation_int=\count111
L3 Module: l3skip 2016/08/19 v6692 L3 Dimensions and skips
\c_zero_dim=\dimen114
\c_max_dim=\dimen115
\l_tmpa_dim=\dimen116
\l_tmpb_dim=\dimen117
\g_tmpa_dim=\dimen118
\g_tmpb_dim=\dimen119
\c_zero_skip=\skip46
\c_max_skip=\skip47
\l_tmpa_skip=\skip48
\l_tmpb_skip=\skip49
\g_tmpa_skip=\skip50
\g_tmpb_skip=\skip51
\c_zero_muskip=\muskip11
\c_max_muskip=\muskip12
\l_tmpa_muskip=\muskip13
\l_tmpb_muskip=\muskip14
\g_tmpa_muskip=\muskip15
\g_tmpb_muskip=\muskip16
L3 Module: l3keys 2016/09/21 v6711 L3 Key-value interfaces
\l_keys_choice_int=\count112
L3 Module: l3fp 2016/11/21 v6761 L3 Floating points
\c__fp_leading_shift_int=\count113
\c__fp_middle_shift_int=\count114
\c__fp_trailing_shift_int=\count115
\c__fp_big_leading_shift_int=\count116
\c__fp_big_middle_shift_int=\count117
\c__fp_big_trailing_shift_int=\count118
\c__fp_Bigg_leading_shift_int=\count119
\c__fp_Bigg_middle_shift_int=\count120
\c__fp_Bigg_trailing_shift_int=\count121
L3 Module: l3box 2016/08/19 v6685 L3 Experimental boxes
\c_empty_box=\box28
\l_tmpa_box=\box29
\l_tmpb_box=\box30
\g_tmpa_box=\box31
\g_tmpb_box=\box32
L3 Module: l3coffins 2016/08/19 v6685 L3 Coffin code layer
\l__coffin_internal_box=\box33
\l__coffin_internal_dim=\dimen120
\l__coffin_offset_x_dim=\dimen121
\l__coffin_offset_y_dim=\dimen122
\l__coffin_x_dim=\dimen123
\l__coffin_y_dim=\dimen124
\l__coffin_x_prime_dim=\dimen125
\l__coffin_y_prime_dim=\dimen126
\c_empty_coffin=\box34
\l__coffin_aligned_coffin=\box35
\l__coffin_aligned_internal_coffin=\box36
\l_tmpa_coffin=\box37
\l_tmpb_coffin=\box38
\l__coffin_display_coffin=\box39
\l__coffin_display_coord_coffin=\box40
\l__coffin_display_pole_coffin=\box41
\l__coffin_display_offset_dim=\dimen127
\l__coffin_display_x_dim=\dimen128
\l__coffin_display_y_dim=\dimen129
L3 Module: l3color 2016/06/13 v6596 L3 Experimental color support
L3 Module: l3sys 2015/09/25 v6087 L3 Experimental system/runtime functions
L3 Module: l3candidates 2016/08/19 v6688 L3 Experimental additions to l3kernel
\l__box_top_dim=\dimen130
\l__box_bottom_dim=\dimen131
\l__box_left_dim=\dimen132
\l__box_right_dim=\dimen133
\l__box_top_new_dim=\dimen134
\l__box_bottom_new_dim=\dimen135
\l__box_left_new_dim=\dimen136
\l__box_right_new_dim=\dimen137
\l__box_internal_box=\box42
\l__coffin_bounding_shift_dim=\dimen138
\l__coffin_left_corner_dim=\dimen139
\l__coffin_right_corner_dim=\dimen140
\l__coffin_bottom_corner_dim=\dimen141
\l__coffin_top_corner_dim=\dimen142
\l__coffin_scaled_total_height_dim=\dimen143
\l__coffin_scaled_width_dim=\dimen144
L3 Module: l3luatex 2016/08/18 v6679 L3 Experimental LuaTeX-specific functions
)
(C:\Users\05mic\AppData\Roaming\MiKTeX\2.9\tex\latex\l3kernel\l3pdfmode.def
File: l3pdfmode.def 2016/08/18 v6679 L3 Experimental driver: PDF mode
\l__driver_color_stack_int=\count122
\l__driver_tmp_box=\box43
))
(C:\Users\05mic\AppData\Roaming\MiKTeX\2.9\tex\latex\l3packages\xparse\xparse.s
ty
Package: xparse 2016/11/21 v6760 L3 Experimental document command parser
\l__xparse_current_arg_int=\count123
\l__xparse_m_args_int=\count124
\l__xparse_mandatory_args_int=\count125
\l__xparse_processor_int=\count126
\l__xparse_v_nesting_int=\count127
)
Package: siunitx 2017/01/01 v2.7a A comprehensive (SI) units package
 ("C:\Program Files\MiKTeX 2.9\tex\latex\tools\array.sty"
Package: array 2014/10/28 v2.4c Tabular extension package (FMi)
\col@sep=\dimen145
\extrarowheight=\dimen146
\NC@list=\toks20
\extratabsurround=\skip52
\backup@length=\skip53
)
(C:\Users\05mic\AppData\Roaming\MiKTeX\2.9\tex\latex\l3packages\l3keys2e\l3keys
2e.sty
Package: l3keys2e 2016/11/21 v6760 LaTeX2e option processing using LaTeX3 keys
)
\l__siunitx_tmp_box=\box44
\l__siunitx_tmp_dim=\dimen147
\l__siunitx_tmp_int=\count128
\l__siunitx_number_mantissa_length_int=\count129
\l__siunitx_number_uncert_length_int=\count130
\l__siunitx_round_int=\count131
\l__siunitx_process_decimal_int=\count132
\l__siunitx_process_uncertainty_int=\count133
\l__siunitx_process_fixed_int=\count134
\l__siunitx_process_integer_min_int=\count135
\l__siunitx_process_precision_int=\count136
\l__siunitx_group_min_int=\count137
\l__siunitx_angle_marker_box=\box45
\l__siunitx_angle_unit_box=\box46
\l__siunitx_angle_marker_dim=\dimen148
\l__siunitx_angle_unit_dim=\dimen149
\l__siunitx_unit_int=\count138
\l__siunitx_unit_denominator_int=\count139
\l__siunitx_unit_numerator_int=\count140
\l__siunitx_unit_prefix_int=\count141
\l__siunitx_unit_prefix_base_int=\count142
\l__siunitx_unit_prefix_gram_int=\count143
\l__siunitx_number_product_int=\count144
\c__siunitx_one_fill_skip=\skip54
\l__siunitx_table_unit_align_skip=\skip55
\l__siunitx_table_exponent_dim=\dimen150
\l__siunitx_table_integer_dim=\dimen151
\l__siunitx_table_mantissa_dim=\dimen152
\l__siunitx_table_marker_dim=\dimen153
\l__siunitx_table_result_dim=\dimen154
\l__siunitx_table_uncert_dim=\dimen155
\l__siunitx_table_fill_pre_dim=\dimen156
\l__siunitx_table_fill_post_dim=\dimen157
\l__siunitx_table_fill_mid_dim=\dimen158
\l__siunitx_table_pre_box=\box47
\l__siunitx_table_post_box=\box48
\l__siunitx_table_mantissa_box=\box49
\l__siunitx_table_result_box=\box50
\l__siunitx_table_number_align_skip=\skip56
\l__siunitx_table_text_align_skip=\skip57
.................................................
. LaTeX info: "xparse/define-command"
. 
. Defining command \DeclareBinaryPrefix with sig. 'mmm' on line 7249.
.................................................
.................................................
. LaTeX info: "xparse/define-command"
. 
. Defining command \DeclareSIPostPower with sig. 'mm' on line 7252.
.................................................
.................................................
. LaTeX info: "xparse/define-command"
. 
. Defining command \DeclareSIPrefix with sig. 'mmm' on line 7255.
.................................................
.................................................
. LaTeX info: "xparse/define-command"
. 
. Defining command \DeclareSIPrePower with sig. 'mm' on line 7258.
.................................................
.................................................
. LaTeX info: "xparse/define-command"
. 
. Defining command \DeclareSIQualifier with sig. 'mm' on line 7261.
.................................................
.................................................
. LaTeX info: "xparse/define-command"
. 
. Defining command \DeclareSIUnit with sig. 'O{}mm' on line 7264.
.................................................
.................................................
. LaTeX info: "xparse/define-command"
. 
. Defining command \DeclareSIUnitWithOptions with sig. 'mmm' on line 7267.
.................................................
.................................................
. LaTeX info: "xparse/define-command"
. 
. Defining command \ang with sig. 'o>{\SplitArgument {2}{;}}m' on line 7282.
.................................................
.................................................
. LaTeX info: "xparse/define-command"
. 
. Defining command \num with sig. 'om' on line 7291.
.................................................
.................................................
. LaTeX info: "xparse/define-command"
. 
. Defining command \numlist with sig. 'o>{\SplitList {;}}m' on line 7300.
.................................................
.................................................
. LaTeX info: "xparse/define-command"
. 
. Defining command \numrange with sig. 'omm' on line 7309.
.................................................
.................................................
. LaTeX info: "xparse/define-command"
. 
. Defining command \SIlist with sig. 'o>{\SplitList {;}}mm' on line 7321.
.................................................
.................................................
. LaTeX info: "xparse/define-command"
. 
. Defining command \SIrange with sig. 'ommm' on line 7333.
.................................................
.................................................
. LaTeX info: "xparse/define-command"
. 
. Defining command \SI with sig. 'omom' on line 7345.
.................................................
.................................................
. LaTeX info: "xparse/define-command"
. 
. Defining command \sisetup with sig. 'm' on line 7348.
.................................................
.................................................
. LaTeX info: "xparse/define-command"
. 
. Defining command \tablenum with sig. 'om' on line 7363.
.................................................
.................................................
. LaTeX info: "xparse/define-command"
. 
. Defining command \si with sig. 'om' on line 7375.
.................................................
.................................................
. LaTeX info: "xparse/define-command"
. 
. Defining command \__siunitx_bookmark_num:w with sig. 'om' on line 7422.
.................................................
.................................................
. LaTeX info: "xparse/define-command"
. 
. Defining command \__siunitx_bookmark_numrange:w with sig. 'omm' on line
. 7424.
.................................................
.................................................
. LaTeX info: "xparse/define-command"
. 
. Defining command \__siunitx_bookmark_SI:w with sig. 'omom' on line 7426.
.................................................
.................................................
. LaTeX info: "xparse/define-command"
. 
. Defining command \__siunitx_bookmark_SIlist:w with sig. 'omm' on line 7428.
.................................................
.................................................
. LaTeX info: "xparse/define-command"
. 
. Defining command \__siunitx_bookmark_SIrange:w with sig. 'ommm' on line
. 7430.
.................................................
.................................................
. LaTeX info: "xparse/define-command"
. 
. Defining command \__siunitx_bookmark_si:w with sig. 'om' on line 7431.
.................................................
\g__file_internal_ior=\read1

(C:\Users\05mic\AppData\Roaming\MiKTeX\2.9\tex\latex\beamer\translator\translat
or.sty
Package: translator 2010/06/12 ver 1.10

(C:\Users\05mic\AppData\Roaming\MiKTeX\2.9\tex\latex\beamer\translator\translat
or-language-mappings.tex)))
(C:\Users\05mic\AppData\Roaming\MiKTeX\2.9\tex\latex\bigints\bigints.sty
Package: bigints 2010/02/15 Writing big integrals
Package bigints Info: This is Bigints by Merciadri Luca. on input line 5.
)
("C:\Program Files\MiKTeX 2.9\tex\latex\float\float.sty"
Package: float 2001/11/08 v1.3d Float enhancements (AL)
\c@float@type=\count145
\float@exts=\toks21
\float@box=\box51
\@float@everytoks=\toks22
\@floatcapt=\box52
)
(C:\Users\05mic\AppData\Roaming\MiKTeX\2.9\tex\latex\booktabs\booktabs.sty
Package: booktabs 2005/04/14 v1.61803 publication quality tables
\heavyrulewidth=\dimen159
\lightrulewidth=\dimen160
\cmidrulewidth=\dimen161
\belowrulesep=\dimen162
\belowbottomsep=\dimen163
\aboverulesep=\dimen164
\abovetopsep=\dimen165
\cmidrulesep=\dimen166
\cmidrulekern=\dimen167
\defaultaddspace=\dimen168
\@cmidla=\count146
\@cmidlb=\count147
\@aboverulesep=\dimen169
\@belowrulesep=\dimen170
\@thisruleclass=\count148
\@lastruleclass=\count149
\@thisrulewidth=\dimen171
)
("C:\Program Files\MiKTeX 2.9\tex\latex\psnfss\times.sty"
Package: times 2005/04/12 PSNFSS-v9.2a (SPQR) 
)
(C:\Users\05mic\AppData\Roaming\MiKTeX\2.9\tex\latex\caption\subcaption.sty
Package: subcaption 2016/05/22 v1.1-161 Sub-captions (AR)

(C:\Users\05mic\AppData\Roaming\MiKTeX\2.9\tex\latex\caption\caption.sty
Package: caption 2016/02/21 v3.3-144 Customizing captions (AR)

(C:\Users\05mic\AppData\Roaming\MiKTeX\2.9\tex\latex\caption\caption3.sty
Package: caption3 2016/05/22 v1.7-166 caption3 kernel (AR)
Package caption3 Info: TeX engine: e-TeX on input line 67.
\captionmargin=\dimen172
\captionmargin@=\dimen173
\captionwidth=\dimen174
\caption@tempdima=\dimen175
\caption@indent=\dimen176
\caption@parindent=\dimen177
\caption@hangindent=\dimen178
)
\c@ContinuedFloat=\count150
Package caption Info: float package is loaded.
)
\c@subfigure=\count151
\c@subtable=\count152
)
(C:\Users\05mic\AppData\Roaming\MiKTeX\2.9\tex\latex\natbib\natbib.sty
Package: natbib 2010/09/13 8.31b (PWD, AO)
\bibhang=\skip58
\bibsep=\skip59
LaTeX Info: Redefining \cite on input line 694.
\c@NAT@ctr=\count153
)
(C:\Users\05mic\AppData\Roaming\MiKTeX\2.9\tex\latex\fancyhdr\fancyhdr.sty
Package: fancyhdr 2016/09/06 3.8 Extensive control of page headers and footers
\fancy@headwidth=\skip60
\f@ncyO@elh=\skip61
\f@ncyO@erh=\skip62
\f@ncyO@olh=\skip63
\f@ncyO@orh=\skip64
\f@ncyO@elf=\skip65
\f@ncyO@erf=\skip66
\f@ncyO@olf=\skip67
\f@ncyO@orf=\skip68
)
(C:\Users\05mic\AppData\Roaming\MiKTeX\2.9\tex\latex\csvsimple\csvsimple.sty
Package: csvsimple 2016/07/01 version 1.20 LaTeX CSV file processing

(C:\Users\05mic\AppData\Roaming\MiKTeX\2.9\tex\latex\pgf\utilities\pgfkeys.sty
(C:\Users\05mic\AppData\Roaming\MiKTeX\2.9\tex\generic\pgf\utilities\pgfkeys.co
de.tex
\pgfkeys@pathtoks=\toks23
\pgfkeys@temptoks=\toks24

(C:\Users\05mic\AppData\Roaming\MiKTeX\2.9\tex\generic\pgf\utilities\pgfkeysfil
tered.code.tex
\pgfkeys@tmptoks=\toks25
)))
(C:\Users\05mic\AppData\Roaming\MiKTeX\2.9\tex\latex\etoolbox\etoolbox.sty
Package: etoolbox 2017/01/02 v2.4 e-TeX tools for LaTeX (JAW)
\etb@tempcnta=\count154
)
("C:\Program Files\MiKTeX 2.9\tex\latex\tools\shellesc.sty"
Package: shellesc 2016/06/07 v0.02a unified shell escape interface for LaTeX
Package shellesc Info: Restricted shell escape enabled on input line 69.
)
\csv@file=\read2
\c@csvinputline=\count155
\c@csvrow=\count156
\c@csvcol=\count157
\csv@out=\write3
)
(C:\Users\05mic\AppData\Roaming\MiKTeX\2.9\tex\latex\filecontents\filecontents.
sty
Package: filecontents 2011/10/08 v1.3 Create an external file from within a LaT
eX document
) (C:\Users\05mic\AppData\Roaming\MiKTeX\2.9\tex\latex\cite\chapterbib.sty
\c@inputfile=\count158
Package: chapterbib 2010/09/18  v 1.17
)
(C:\Users\05mic\AppData\Roaming\MiKTeX\2.9\tex\latex\bibunits\bibunits.sty
Package: bibunits 2004/05/12 v2.4 Multiple bibliographies in one document.
\@bibunitaux=\write4
\@bibunitauxcnt=\count159
)
\gdef\bu@bibdata{library}
\gdef\bu@bibstyle{apalike}
(C:\Users\05mic\AppData\Roaming\MiKTeX\2.9\tex\latex\setspace\setspace.sty
Package: setspace 2011/12/19 v6.7a set line spacing
)
("C:\Program Files\MiKTeX 2.9\tex\latex\tools\indentfirst.sty"
Package: indentfirst 1995/11/23 v1.03 Indent first paragraph (DPC)
)
("C:\Program Files\MiKTeX 2.9\tex\latex\graphics\rotating.sty"
Package: rotating 2016/05/22 v2.16c rotated objects in LaTeX
\c@r@tfl@t=\count160
\rotFPtop=\skip69
\rotFPbot=\skip70
\rot@float@box=\box53
\rot@mess@toks=\toks26
)
("C:\Program Files\MiKTeX 2.9\tex\latex\hyperref\hyperref.sty"
Package: hyperref 2016/06/24 v6.83q Hypertext links for LaTeX

("C:\Program Files\MiKTeX 2.9\tex\generic\oberdiek\hobsub-hyperref.sty"
Package: hobsub-hyperref 2016/05/16 v1.14 Bundle oberdiek, subset hyperref (HO)


("C:\Program Files\MiKTeX 2.9\tex\generic\oberdiek\hobsub-generic.sty"
Package: hobsub-generic 2016/05/16 v1.14 Bundle oberdiek, subset generic (HO)
Package: hobsub 2016/05/16 v1.14 Construct package bundles (HO)
Package hobsub Info: Skipping package `infwarerr' (already loaded).
Package hobsub Info: Skipping package `ltxcmds' (already loaded).
Package: ifluatex 2016/05/16 v1.4 Provides the ifluatex switch (HO)
Package ifluatex Info: LuaTeX not detected.
Package: ifvtex 2016/05/16 v1.6 Detect VTeX and its facilities (HO)
Package ifvtex Info: VTeX not detected.
Package: intcalc 2016/05/16 v1.2 Expandable calculations with integers (HO)
Package: ifpdf 2016/05/14 v3.1 Provides the ifpdf switch
Package: etexcmds 2016/05/16 v1.6 Avoid name clashes with e-TeX commands (HO)
Package etexcmds Info: Could not find \expanded.
(etexcmds)             That can mean that you are not using pdfTeX 1.50 or
(etexcmds)             that some package has redefined \expanded.
(etexcmds)             In the latter case, load this package earlier.
Package: kvsetkeys 2016/05/16 v1.17 Key value parser (HO)
Package: kvdefinekeys 2016/05/16 v1.4 Define keys (HO)
Package: pdftexcmds 2016/05/21 v0.22 Utility functions of pdfTeX for LuaTeX (HO
)
Package pdftexcmds Info: LuaTeX not detected.
Package pdftexcmds Info: \pdf@primitive is available.
Package pdftexcmds Info: \pdf@ifprimitive is available.
Package pdftexcmds Info: \pdfdraftmode found.
Package: pdfescape 2016/05/16 v1.14 Implements pdfTeX's escape features (HO)
Package: bigintcalc 2016/05/16 v1.4 Expandable calculations on big integers (HO
)
Package: bitset 2016/05/16 v1.2 Handle bit-vector datatype (HO)
Package: uniquecounter 2016/05/16 v1.3 Provide unlimited unique counter (HO)
)
Package hobsub Info: Skipping package `hobsub' (already loaded).
Package: letltxmacro 2016/05/16 v1.5 Let assignment for LaTeX macros (HO)
Package: hopatch 2016/05/16 v1.3 Wrapper for package hooks (HO)
Package: xcolor-patch 2016/05/16 xcolor patch
Package: atveryend 2016/05/16 v1.9 Hooks at the very end of document (HO)
Package: atbegshi 2016/06/09 v1.18 At begin shipout hook (HO)
Package: refcount 2016/05/16 v3.5 Data extraction from label references (HO)
Package: hycolor 2016/05/16 v1.8 Color options for hyperref/bookmark (HO)
)
("C:\Program Files\MiKTeX 2.9\tex\generic\ifxetex\ifxetex.sty"
Package: ifxetex 2010/09/12 v0.6 Provides ifxetex conditional
)
("C:\Program Files\MiKTeX 2.9\tex\latex\oberdiek\auxhook.sty"
Package: auxhook 2016/05/16 v1.4 Hooks for auxiliary files (HO)
)
("C:\Program Files\MiKTeX 2.9\tex\latex\oberdiek\kvoptions.sty"
Package: kvoptions 2016/05/16 v3.12 Key value format for package options (HO)
)
\@linkdim=\dimen179
\Hy@linkcounter=\count161
\Hy@pagecounter=\count162

("C:\Program Files\MiKTeX 2.9\tex\latex\hyperref\pd1enc.def"
File: pd1enc.def 2016/06/24 v6.83q Hyperref: PDFDocEncoding definition (HO)
)
\Hy@SavedSpaceFactor=\count163

("C:\Program Files\MiKTeX 2.9\tex\latex\00miktex\hyperref.cfg"
File: hyperref.cfg 2002/06/06 v1.2 hyperref configuration of TeXLive
)
Package hyperref Info: Option `final' set `true' on input line 4362.
Package hyperref Info: Hyper figures OFF on input line 4486.
Package hyperref Info: Link nesting OFF on input line 4491.
Package hyperref Info: Hyper index ON on input line 4494.
Package hyperref Info: Plain pages OFF on input line 4501.
Package hyperref Info: Backreferencing OFF on input line 4506.
Package hyperref Info: Implicit mode ON; LaTeX internals redefined.
Package hyperref Info: Bookmarks ON on input line 4735.
LaTeX Info: Redefining \href on input line 4999.
\c@Hy@tempcnt=\count164

(C:\Users\05mic\AppData\Roaming\MiKTeX\2.9\tex\latex\url\url.sty
\Urlmuskip=\muskip17
Package: url 2013/09/16  ver 3.4  Verb mode for urls, etc.
)
LaTeX Info: Redefining \url on input line 5088.
\XeTeXLinkMargin=\dimen180
\Fld@menulength=\count165
\Field@Width=\dimen181
\Fld@charsize=\dimen182
Package hyperref Info: Hyper figures OFF on input line 6342.
Package hyperref Info: Link nesting OFF on input line 6347.
Package hyperref Info: Hyper index ON on input line 6350.
Package hyperref Info: backreferencing OFF on input line 6357.
Package hyperref Info: Link coloring OFF on input line 6362.
Package hyperref Info: Link coloring with OCG OFF on input line 6367.
Package hyperref Info: PDF/A mode OFF on input line 6372.
LaTeX Info: Redefining \ref on input line 6412.
LaTeX Info: Redefining \pageref on input line 6416.
\Hy@abspage=\count166
\c@Item=\count167
\c@Hfootnote=\count168
)

Package hyperref Message: Driver: hpdftex.

("C:\Program Files\MiKTeX 2.9\tex\latex\hyperref\hpdftex.def"
File: hpdftex.def 2016/06/24 v6.83q Hyperref driver for pdfTeX
\Fld@listcount=\count169
\c@bookmark@seq@number=\count170

("C:\Program Files\MiKTeX 2.9\tex\latex\oberdiek\rerunfilecheck.sty"
Package: rerunfilecheck 2016/05/16 v1.8 Rerun checks for auxiliary files (HO)
Package uniquecounter Info: New unique counter `rerunfilecheck' on input line 2
82.
)
\Hy@SectionHShift=\skip71
)
Package hyperref Info: Option `plainpages' set `false' on input line 125.
Package hyperref Info: Option `unicode' set `false' on input line 125.
Package hyperref Info: Option `pdftoolbar' set `true' on input line 125.
Package hyperref Info: Option `pdfmenubar' set `true' on input line 125.
Package hyperref Info: Option `pdffitwindow' set `false' on input line 125.
Package hyperref Info: Option `pdfnewwindow' set `true' on input line 125.
Package hyperref Info: Option `colorlinks' set `true' on input line 125.

(C:\Users\05mic\AppData\Roaming\MiKTeX\2.9\tex\latex\glossaries-extra\glossarie
s-extra.sty
Package: glossaries-extra 2016/12/17 v1.10 (NLCT)
 ("C:\Program Files\MiKTeX 2.9\tex\latex\xkeyval\xkeyval.sty"
Package: xkeyval 2014/12/03 v2.7a package option processing (HA)

("C:\Program Files\MiKTeX 2.9\tex\generic\xkeyval\xkeyval.tex"
("C:\Program Files\MiKTeX 2.9\tex\generic\xkeyval\xkvutils.tex"
\XKV@toks=\toks27
\XKV@tempa@toks=\toks28
)
\XKV@depth=\count171
File: xkeyval.tex 2014/12/03 v2.7a key=value parser (HA)
))
\@glsxtr@docdefval=\count172

(C:\Users\05mic\AppData\Roaming\MiKTeX\2.9\tex\latex\glossaries\base\glossaries
.sty
Package: glossaries 2017/01/07 v4.28 (NLCT)
 (C:\Users\05mic\AppData\Roaming\MiKTeX\2.9\tex\latex\mfirstuc\mfirstuc.sty
Package: mfirstuc 2016/07/31 v2.04 (NLCT)
\@glsmfirst=\toks29
\@glsmrest=\toks30
) (C:\Users\05mic\AppData\Roaming\MiKTeX\2.9\tex\latex\textcase\textcase.sty
Package: textcase 2004/10/07 v0.07 Text only upper/lower case changing (DPC)
)
(C:\Users\05mic\AppData\Roaming\MiKTeX\2.9\tex\latex\xfor\xfor.sty
Package: xfor 2009/02/05 v1.05 (NLCT)
)
(C:\Users\05mic\AppData\Roaming\MiKTeX\2.9\tex\latex\datatool\datatool-base.sty
Package: datatool-base 2016/07/28 v2.27 (NLCT)
(C:\Users\05mic\AppData\Roaming\MiKTeX\2.9\tex\latex\substr\substr.sty
Package: substr 2009/10/20 v1.2 Handle substrings
\c@su@anzahl=\count173
)
(C:\Users\05mic\AppData\Roaming\MiKTeX\2.9\tex\latex\datatool\datatool-fp.sty
Package: datatool-fp 2016/07/28 v2.27 (NLCT)

(C:\Users\05mic\AppData\Roaming\MiKTeX\2.9\tex\latex\fp\fp.sty
Package: fp 1995/04/02

`Fixed Point Package', Version 0.8, April 2, 1995 (C) Michael Mehlich
(C:\Users\05mic\AppData\Roaming\MiKTeX\2.9\tex\latex\fp\defpattern.sty
Package: defpattern 1994/10/12
\actioncount=\count174
)
(C:\Users\05mic\AppData\Roaming\MiKTeX\2.9\tex\latex\fp\fp-basic.sty
Package: fp-basic 1996/05/13
\FP@xs=\count175
\FP@xia=\count176
\FP@xib=\count177
\FP@xfa=\count178
\FP@xfb=\count179
\FP@rega=\count180
\FP@regb=\count181
\FP@regs=\count182
\FP@times=\count183
)
(C:\Users\05mic\AppData\Roaming\MiKTeX\2.9\tex\latex\fp\fp-addons.sty
Package: fp-addons 1995/03/15
)
(C:\Users\05mic\AppData\Roaming\MiKTeX\2.9\tex\latex\fp\fp-snap.sty
Package: fp-snap 1995/04/05
)
(C:\Users\05mic\AppData\Roaming\MiKTeX\2.9\tex\latex\fp\fp-exp.sty
Package: fp-exp 1995/04/03
)
(C:\Users\05mic\AppData\Roaming\MiKTeX\2.9\tex\latex\fp\fp-trigo.sty
Package: fp-trigo 1995/04/14
)
(C:\Users\05mic\AppData\Roaming\MiKTeX\2.9\tex\latex\fp\fp-pas.sty
Package: fp-pas 1994/08/29
)
(C:\Users\05mic\AppData\Roaming\MiKTeX\2.9\tex\latex\fp\fp-random.sty
Package: fp-random 1995/02/23
\FPseed=\count184
)
(C:\Users\05mic\AppData\Roaming\MiKTeX\2.9\tex\latex\fp\fp-eqn.sty
Package: fp-eqn 1995/04/03
)
(C:\Users\05mic\AppData\Roaming\MiKTeX\2.9\tex\latex\fp\fp-upn.sty
Package: fp-upn 1996/10/21
)
(C:\Users\05mic\AppData\Roaming\MiKTeX\2.9\tex\latex\fp\fp-eval.sty
Package: fp-eval 1995/04/03
)))
\@dtl@toks=\toks31
\@dtl@tmpcount=\count185
\dtl@tmplength=\skip72
\dtl@sortresult=\count186
\@dtl@numgrpsepcount=\count187
\@dtl@datatype=\count188
\dtl@codeA=\count189
\dtl@codeB=\count190
\@dtl@foreach@level=\count191
)
(C:\Users\05mic\AppData\Roaming\MiKTeX\2.9\tex\latex\glossaries\base\glossaries
-compatible-307.sty
Package: glossaries-compatible-307 2017/01/07 v4.28 (NLCT)
)
(C:\Users\05mic\AppData\Roaming\MiKTeX\2.9\tex\latex\tracklang\tracklang.sty
Package: tracklang 2016/11/03 v1.3.3 (NLCT) Track Languages

(C:\Users\05mic\AppData\Roaming\MiKTeX\2.9\tex\generic\tracklang\tracklang.tex)
)
(C:\Users\05mic\AppData\Roaming\MiKTeX\2.9\tex\latex\glossaries-english\glossar
ies-english.ldf
File: glossaries-english.ldf 2014/11/23 v1.0
)
\gls@level=\count192
\@gls@tmpb=\toks32
\gls@tmplen=\skip73
\glskeylisttok=\toks33
\glslabeltok=\toks34
\glsshorttok=\toks35
\glslongtok=\toks36

(C:\Users\05mic\AppData\Roaming\MiKTeX\2.9\tex\latex\glossaries\styles\glossary
-hypernav.sty
Package: glossary-hypernav 2017/01/07 v4.28 (NLCT)
)
(C:\Users\05mic\AppData\Roaming\MiKTeX\2.9\tex\latex\glossaries\styles\glossary
-list.sty
Package: glossary-list 2017/01/07 v4.28 (NLCT)
\glslistdottedwidth=\skip74
)
(C:\Users\05mic\AppData\Roaming\MiKTeX\2.9\tex\latex\glossaries\styles\glossary
-long.sty
Package: glossary-long 2017/01/07 v4.28 (NLCT)
 ("C:\Program Files\MiKTeX 2.9\tex\latex\tools\longtable.sty"
Package: longtable 2014/10/28 v4.11 Multi-page Table package (DPC)
\LTleft=\skip75
\LTright=\skip76
\LTpre=\skip77
\LTpost=\skip78
\LTchunksize=\count193
\LTcapwidth=\dimen183
\LT@head=\box54
\LT@firsthead=\box55
\LT@foot=\box56
\LT@lastfoot=\box57
\LT@cols=\count194
\LT@rows=\count195
\c@LT@tables=\count196
\c@LT@chunks=\count197
\LT@p@ftn=\toks37
)
\glsdescwidth=\skip79
\glspagelistwidth=\skip80
)
(C:\Users\05mic\AppData\Roaming\MiKTeX\2.9\tex\latex\glossaries\styles\glossary
-super.sty
Package: glossary-super 2017/01/07 v4.28 (NLCT)

(C:\Users\05mic\AppData\Roaming\MiKTeX\2.9\tex\latex\supertabular\supertabular.
sty
Package: supertabular 2004/02/20 v4.1e the supertabular environment
\c@tracingst=\count198
\ST@wd=\dimen184
\ST@rightskip=\skip81
\ST@leftskip=\skip82
\ST@parfillskip=\skip83
\ST@pageleft=\dimen185
\ST@headht=\dimen186
\ST@tailht=\dimen187
\ST@pagesofar=\dimen188
\ST@pboxht=\dimen189
\ST@lineht=\dimen190
\ST@stretchht=\dimen191
\ST@prevht=\dimen192
\ST@toadd=\dimen193
\ST@dimen=\dimen194
\ST@pbox=\box58
))
(C:\Users\05mic\AppData\Roaming\MiKTeX\2.9\tex\latex\glossaries\styles\glossary
-tree.sty
Package: glossary-tree 2017/01/07 v4.28 (NLCT)
\glstreeindent=\skip84
))
\glsshortpltok=\toks38
\glslongpltok=\toks39
)
\glswrite=\write5
\glo@main@file=\write6
\openout6 = `uw-ethesis.glo'.

Package glossaries Info: Writing glossary file uw-ethesis.glo on input line 188
.
\glo@abbreviations@file=\write7
\openout7 = `uw-ethesis.glo-abr'.

Package glossaries Info: Writing glossary file uw-ethesis.glo-abr on input line
 188.
\glo@symbols@file=\write8
\openout8 = `uw-ethesis.symbols-glo'.

Package glossaries Info: Writing glossary file uw-ethesis.symbols-glo on input 
line 188.
 (uw-ethesis.aux)
\openout1 = `uw-ethesis.aux'.

LaTeX Font Info:    Checking defaults for OML/cmm/m/it on input line 192.
LaTeX Font Info:    ... okay on input line 192.
LaTeX Font Info:    Checking defaults for T1/cmr/m/n on input line 192.
LaTeX Font Info:    ... okay on input line 192.
LaTeX Font Info:    Checking defaults for OT1/cmr/m/n on input line 192.
LaTeX Font Info:    ... okay on input line 192.
LaTeX Font Info:    Checking defaults for OMS/cmsy/m/n on input line 192.
LaTeX Font Info:    ... okay on input line 192.
LaTeX Font Info:    Checking defaults for OMX/cmex/m/n on input line 192.
LaTeX Font Info:    ... okay on input line 192.
LaTeX Font Info:    Checking defaults for U/cmr/m/n on input line 192.
LaTeX Font Info:    ... okay on input line 192.
LaTeX Font Info:    Checking defaults for PD1/pdf/m/n on input line 192.
LaTeX Font Info:    ... okay on input line 192.
LaTeX Font Info:    Try loading font information for OT1+ptm on input line 192.


("C:\Program Files\MiKTeX 2.9\tex\latex\psnfss\ot1ptm.fd"
File: ot1ptm.fd 2001/06/04 font definitions for OT1/ptm.
)
(C:\Users\05mic\AppData\Roaming\MiKTeX\2.9\tex\context\base\supp-pdf.mkii
[Loading MPS to PDF converter (version 2006.09.02).]
\scratchcounter=\count199
\scratchdimen=\dimen195
\scratchbox=\box59
\nofMPsegments=\count266
\nofMParguments=\count267
\everyMPshowfont=\toks40
\MPscratchCnt=\count268
\MPscratchDim=\dimen196
\MPnumerator=\count269
\makeMPintoPDFobject=\count270
\everyMPtoPDFconversion=\toks41
) ("C:\Program Files\MiKTeX 2.9\tex\latex\oberdiek\epstopdf-base.sty"
Package: epstopdf-base 2016/05/15 v2.6 Base part for package epstopdf

("C:\Program Files\MiKTeX 2.9\tex\latex\oberdiek\grfext.sty"
Package: grfext 2016/05/16 v1.2 Manage graphics extensions (HO)
)
Package epstopdf-base Info: Redefining graphics rule for `.eps' on input line 4
38.
Package grfext Info: Graphics extension search list:
(grfext)             [.png,.pdf,.jpg,.mps,.jpeg,.jbig2,.jb2,.PNG,.PDF,.JPG,.JPE
G,.JBIG2,.JB2,.eps]
(grfext)             \AppendGraphicsExtensions on input line 456.
)
(C:\Users\05mic\AppData\Roaming\MiKTeX\2.9\tex\latex\beamer\translator\dicts\tr
anslator-basic-dictionary\translator-basic-dictionary-English.dict
Dictionary: translator-basic-dictionary, Language: English 
)
(C:\Users\05mic\AppData\Roaming\MiKTeX\2.9\tex\latex\siunitx\siunitx-abbreviati
ons.cfg
File: siunitx-abbreviations.cfg 2017/01/01 v2.7a siunitx: Abbreviated units
)
Package caption Info: Begin \AtBeginDocument code.
Package caption Info: hyperref package is loaded.
Package caption Info: longtable package is loaded.

(C:\Users\05mic\AppData\Roaming\MiKTeX\2.9\tex\latex\caption\ltcaption.sty
Package: ltcaption 2013/06/09 v1.4-94 longtable captions (AR)
)
Package caption Info: rotating package is loaded.
Package caption Info: supertabular package is loaded.
Package caption Info: End \AtBeginDocument code.
Package chapterbib Info: The sectionbib option changes "\chapter *" to "\sectio
n *" in \thebibliography on input line 192.
\AtBeginShipoutBox=\box60

("C:\Program Files\MiKTeX 2.9\tex\latex\graphics\color.sty"
Package: color 2016/07/10 v1.1e Standard LaTeX Color (DPC)
LaTeX Info: Redefining \color on input line 86.

("C:\Program Files\MiKTeX 2.9\tex\latex\graphics-cfg\color.cfg"
File: color.cfg 2016/01/02 v1.6 sample color configuration
)
Package color Info: Driver file: pdftex.def on input line 147.
)
Package hyperref Info: Link coloring ON on input line 192.

("C:\Program Files\MiKTeX 2.9\tex\latex\hyperref\nameref.sty"
Package: nameref 2016/05/21 v2.44 Cross-referencing by name of section

("C:\Program Files\MiKTeX 2.9\tex\generic\oberdiek\gettitlestring.sty"
Package: gettitlestring 2016/05/16 v1.5 Cleanup title references (HO)
)
\c@section@level=\count271
)
LaTeX Info: Redefining \ref on input line 192.
LaTeX Info: Redefining \pageref on input line 192.
LaTeX Info: Redefining \nameref on input line 192.

(uw-ethesis.out) (uw-ethesis.out)
\@outlinefile=\write9
\openout9 = `uw-ethesis.out'.

\c__siunitx_mathsf_int=\count272
LaTeX Font Info:    Try loading font information for U+msa on input line 192.

("C:\Program Files\MiKTeX 2.9\tex\latex\amsfonts\umsa.fd"
File: umsa.fd 2013/01/14 v3.01 AMS symbols A
)
LaTeX Font Info:    Try loading font information for U+msb on input line 192.

("C:\Program Files\MiKTeX 2.9\tex\latex\amsfonts\umsb.fd"
File: umsb.fd 2013/01/14 v3.01 AMS symbols B
)
\c__siunitx_mathtt_int=\count273

(uw-ethesis-frontpgs.tex
LaTeX Font Info:    Font shape `OT1/ptm/bx/n' in size <24.88> not available
(Font)              Font shape `OT1/ptm/b/n' tried instead on input line 16.
 [1

\openout5 = `uw-ethesis.ist'.



{C:/Users/05mic/AppData/Local/MiKTeX/2.9/pdftex/config/pdftex.map}]
LaTeX Font Info:    Try loading font information for OMS+ptm on input line 47.
 ("C:\Program Files\MiKTeX 2.9\tex\latex\psnfss\omsptm.fd"
File: omsptm.fd 
)
LaTeX Font Info:    Font shape `OMS/ptm/m/n' in size <12> not available
(Font)              Font shape `OMS/cmsy/m/n' tried instead on input line 47.

[2]
LaTeX Font Info:    Font shape `OT1/ptm/bx/n' in size <12> not available
(Font)              Font shape `OT1/ptm/b/n' tried instead on input line 62.
pdfTeX warning (ext4): destination with the same identifier (name{page.ii}) has
 been already used, duplicate ignored
<to be read again> 
                   \relax 
l.66 \cleardoublepage
                      [2


] [3


] (uw-ethesis.toc [4




] [5] [6])
\tf@toc=\write10
\openout10 = `uw-ethesis.toc'.

 [7] (uw-ethesis.lot
[8




])
\tf@lot=\write11
\openout11 = `uw-ethesis.lot'.

 [9] (uw-ethesis.lof [10




] [11] [12] [13]
Overfull \hbox (0.91884pt too wide) in paragraph at lines 34--34
 \OT1/ptm/m/n/12 (sUHI$[]$), and nadir (sUHI$[]$) re-mote sensed rep-re-sen-ta-
tions of the Sperrstrasse 
 []

[14])
\tf@lof=\write12
\openout12 = `uw-ethesis.lof'.

 [15] [16] [17




]
Overfull \vbox (126.6165pt too high) has occurred while \output is active []


[18] [19]) (introduction.tex
Chapter 1.
(bu1.aux)
\openout4 = `bu1.aux'.



Package Fancyhdr Warning: \headheight is too small (12.0pt): 
 Make it at least 14.49998pt.
 We now make it that large for the rest of the document.
 This may cause the page layout to be inconsistent, however.

[1




] [2] [3] [4] [5]
LaTeX Font Info:    Font shape `OT1/ptm/bx/n' in size <17.28> not available
(Font)              Font shape `OT1/ptm/b/n' tried instead on input line 62.


Package hyperref Warning: Token not allowed in a PDF string (PDFDocEncoding):
(hyperref)                removing `\mathsurround' on input line 62.


Package hyperref Warning: Token not allowed in a PDF string (PDFDocEncoding):
(hyperref)                removing `\z@' on input line 62.


Package hyperref Warning: Token not allowed in a PDF string (PDFDocEncoding):
(hyperref)                removing `subscript' on input line 62.

LaTeX Font Info:    Font shape `OT1/ptm/bx/n' in size <14.4> not available
(Font)              Font shape `OT1/ptm/b/n' tried instead on input line 68.
[6] <figures/model.png, id=693, 2472.23625pt x 827.34094pt>
File: figures/model.png Graphic file (type png)

<use figures/model.png>
Package pdftex.def Info: figures/model.png used on input line 76.
(pdftex.def)             Requested size: 426.763pt x 142.81746pt.
 [7 <./figures/model.png>]
<figures/anisot.png, id=708, 2194.3581pt x 1063.0917pt>
File: figures/anisot.png Graphic file (type png)

<use figures/anisot.png>
Package pdftex.def Info: figures/anisot.png used on input line 89.
(pdftex.def)             Requested size: 426.77643pt x 206.75862pt.
 [8 <./figures/anisot.png>] [9] [10] [11] (bu1.bbl
[12




] [13]) (bu1.aux) (bu.aux)) (paper1.tex [14]
Chapter 2.
(bu2.aux)
\openout4 = `bu2.aux'.

 [15


] [16] <figures/spectairtsurf.png, id=789, 462.528pt x 346.896pt>
File: figures/spectairtsurf.png Graphic file (type png)

<use figures/spectairtsurf.png>
Package pdftex.def Info: figures/spectairtsurf.png used on input line 25.
(pdftex.def)             Requested size: 460.72124pt x 345.55595pt.
 [17] [18 <./figures/spectairtsurf.png>]
<figures/spectransheight.png, id=812, 462.528pt x 346.896pt>
File: figures/spectransheight.png Graphic file (type png)

<use figures/spectransheight.png>
Package pdftex.def Info: figures/spectransheight.png used on input line 35.
(pdftex.def)             Requested size: 460.72124pt x 345.55595pt.
 [19] [20 <./figures/spectransheight.png>]
[21] [22]
Missing character: There is no â in font ptmr7t!
Missing character: There is no € in font ptmr7t!
Missing character: There is no ˜ in font ptmr7t!
Missing character: There is no â in font ptmr7t!
Missing character: There is no € in font ptmr7t!
Missing character: There is no ™ in font ptmr7t!
 [23] <figures/lineofsight.png, id=854, 1881.27844pt x 791.95876pt>
File: figures/lineofsight.png Graphic file (type png)

<use figures/lineofsight.png>
Package pdftex.def Info: figures/lineofsight.png used on input line 97.
(pdftex.def)             Requested size: 460.72124pt x 193.94096pt.
 [24 <./figures/lineofsight.png>] [25]
<figures/flow.png, id=878, 3088.53876pt x 1241.63875pt>
File: figures/flow.png Graphic file (type png)
 <use figures/flow.png>
Package pdftex.def Info: figures/flow.png used on input line 115.
(pdftex.def)             Requested size: 460.72124pt x 185.21469pt.

[26] [27 <./figures/flow.png (PNG copy)>] [28]
Overfull \hbox (21.53868pt too wide) in paragraph at lines 136--136
[]|\OT1/ptm/m/n/12 Northwest| 
 []


Overfull \hbox (18.21466pt too wide) in paragraph at lines 136--136
[]|\OT1/ptm/m/n/12 Southeast| 
 []


Overfull \hbox (21.53868pt too wide) in paragraph at lines 136--136
[]|\OT1/ptm/m/n/12 Northwest| 
 []


Overfull \hbox (1.14282pt too wide) in paragraph at lines 136--137
[]|\OT1/ptm/m/n/12 Southeast| 
 []

[29] <figures/23radtran.png, id=916, 1954.1808pt x 825.8052pt>
File: figures/23radtran.png Graphic file (type png)

<use figures/23radtran.png>
Package pdftex.def Info: figures/23radtran.png used on input line 151.
(pdftex.def)             Requested size: 460.72124pt x 194.69429pt.
 [30] [31 <./figures/23radtran.png>]
LaTeX Font Info:    Try loading font information for OML+ptm on input line 171.


("C:\Program Files\MiKTeX 2.9\tex\latex\psnfss\omlptm.fd"
File: omlptm.fd 
)
LaTeX Font Info:    Font shape `OML/ptm/m/n' in size <12> not available
(Font)              Font shape `OML/cmm/m/it' tried instead on input line 171.
LaTeX Font Info:    Try loading font information for TS1+ptm on input line 173.


("C:\Program Files\MiKTeX 2.9\tex\latex\psnfss\ts1ptm.fd"
File: ts1ptm.fd 2001/06/04 font definitions for TS1/ptm.
)
Missing character: There is no â in font ptmr7t!
Missing character: There is no € in font ptmr7t!
Missing character: There is no ˜ in font ptmr7t!
Missing character: There is no â in font ptmr7t!
Missing character: There is no € in font ptmr7t!
Missing character: There is no ™ in font ptmr7t!
Missing character: There is no â in font ptmr7t!
Missing character: There is no € in font ptmr7t!
Missing character: There is no ˜ in font ptmr7t!
Missing character: There is no â in font ptmr7t!
Missing character: There is no € in font ptmr7t!
Missing character: There is no ™ in font ptmr7t!

<figures/dometrans.png, id=933, 462.528pt x 346.896pt>
File: figures/dometrans.png Graphic file (type png)

<use figures/dometrans.png>
Package pdftex.def Info: figures/dometrans.png used on input line 176.
(pdftex.def)             Requested size: 460.72124pt x 345.55595pt.
 [32] [33 <./figures/dometrans.png>] [34] [35]
[36] <figures/eval.png, id=977, 1467.98438pt x 1467.98438pt>
File: figures/eval.png Graphic file (type png)

<use figures/eval.png>
Package pdftex.def Info: figures/eval.png used on input line 220.
(pdftex.def)             Requested size: 460.72124pt x 460.71516pt.
 [37] [38 <./figures/eval.png>] [39]
<figures/bx_ac1.png, id=1011, 433.62pt x 567.3195pt>
File: figures/bx_ac1.png Graphic file (type png)
 <use figures/bx_ac1.png>
Package pdftex.def Info: figures/bx_ac1.png used on input line 263.
(pdftex.def)             Requested size: 386.66824pt x 505.89096pt.

[40]
Overfull \vbox (10.89095pt too high) has occurred while \output is active []


[41 <./figures/bx_ac1.png>]
<figures/season_sw.png, id=1022, 455.5419pt x 768.2301pt>
File: figures/season_sw.png Graphic file (type png)

<use figures/season_sw.png>
Package pdftex.def Info: figures/season_sw.png used on input line 272.
(pdftex.def)             Requested size: 299.97739pt x 505.88466pt.

<figures/season_sc.png, id=1023, 455.5419pt x 768.2301pt>
File: figures/season_sc.png Graphic file (type png)

<use figures/season_sc.png>
Package pdftex.def Info: figures/season_sc.png used on input line 281.
(pdftex.def)             Requested size: 299.97739pt x 505.88466pt.
 [42 <./figures/season_sw.png>]
<figures/meteo_k_hem.png, id=1029, 455.5419pt x 768.2301pt>
File: figures/meteo_k_hem.png Graphic file (type png)

<use figures/meteo_k_hem.png>
Package pdftex.def Info: figures/meteo_k_hem.png used on input line 290.
(pdftex.def)             Requested size: 299.97739pt x 505.88466pt.
 [43 <./figures/season_sc.png>]
<figures/meteo_air_hum.png, id=1035, 455.5419pt x 768.2301pt>
File: figures/meteo_air_hum.png Graphic file (type png)

<use figures/meteo_air_hum.png>
Package pdftex.def Info: figures/meteo_air_hum.png used on input line 299.
(pdftex.def)             Requested size: 299.97739pt x 505.88466pt.
 [44 <./figures/meteo_k_hem.png>]
<figures/hum_test.png, id=1041, 433.62pt x 325.215pt>
File: figures/hum_test.png Graphic file (type png)

<use figures/hum_test.png>
Package pdftex.def Info: figures/hum_test.png used on input line 308.
(pdftex.def)             Requested size: 426.81056pt x 320.10791pt.
 [45 <./figures/meteo_air_hum.png>]

Package hyperref Warning: Token not allowed in a PDF string (PDFDocEncoding):
(hyperref)                removing `\mathsurround' on input line 319.


Package hyperref Warning: Token not allowed in a PDF string (PDFDocEncoding):
(hyperref)                removing `\z@' on input line 319.


Package hyperref Warning: Token not allowed in a PDF string (PDFDocEncoding):
(hyperref)                removing `subscript' on input line 319.

[46 <./figures/hum_test.png>]
<figures/nad_hem_314.png, id=1054, 433.62pt x 325.215pt>
File: figures/nad_hem_314.png Graphic file (type png)

<use figures/nad_hem_314.png>
Package pdftex.def Info: figures/nad_hem_314.png used on input line 329.
(pdftex.def)             Requested size: 426.81056pt x 320.10791pt.

<figures/tc_mean_314.png, id=1055, 469.755pt x 531.1845pt>
File: figures/tc_mean_314.png Graphic file (type png)

<use figures/tc_mean_314.png>
Package pdftex.def Info: figures/tc_mean_314.png used on input line 338.
(pdftex.def)             Requested size: 426.78961pt x 482.60054pt.
 [47 <./figures/nad_hem_314.png>] [48 <./figures/tc_mean_314.png>] [49] <figure
s/nonuniform.png, id=1073, 1927.2pt x 1445.4pt>
File: figures/nonuniform.png Graphic file (type png)

<use figures/nonuniform.png>
Package pdftex.def Info: figures/nonuniform.png used on input line 361.
(pdftex.def)             Requested size: 426.77895pt x 320.08421pt.
 [50] [51 <./figures/nonuniform.png>] [52] [53]
LaTeX Font Info:    Font shape `OT1/ptm/bx/n' in size <10> not available
(Font)              Font shape `OT1/ptm/b/n' tried instead on input line 402.


Package hyperref Warning: Token not allowed in a PDF string (PDFDocEncoding):
(hyperref)                removing `\mathsurround' on input line 402.


Package hyperref Warning: Token not allowed in a PDF string (PDFDocEncoding):
(hyperref)                removing `\z@' on input line 402.


Package hyperref Warning: Token not allowed in a PDF string (PDFDocEncoding):
(hyperref)                removing `subscript' on input line 402.

[54] [55] <figures/placement2.png, id=1125, 1520.5608pt x 1371.6846pt>
File: figures/placement2.png Graphic file (type png)

<use figures/placement2.png>
Package pdftex.def Info: figures/placement2.png used on input line 418.
(pdftex.def)             Requested size: 426.79822pt x 385.01093pt.
 [56]
<figures/bars2_ann.png, id=1130, 433.62pt x 325.215pt>
File: figures/bars2_ann.png Graphic file (type png)

<use figures/bars2_ann.png>
Package pdftex.def Info: figures/bars2_ann.png used on input line 427.
(pdftex.def)             Requested size: 426.81056pt x 320.10791pt.
 [57 <./figures/placement2.png>] [58 <./figures/bars2_ann.png>] <figures/bars45
_ann.png, id=1149, 433.62pt x 325.215pt>
File: figures/bars45_ann.png Graphic file (type png)

<use figures/bars45_ann.png>
Package pdftex.def Info: figures/bars45_ann.png used on input line 438.
(pdftex.def)             Requested size: 426.81056pt x 320.10791pt.
 [59 <./figures/bars45_ann.png>]
<figures/vf_all.png, id=1158, 469.755pt x 531.1845pt>
File: figures/vf_all.png Graphic file (type png)
 <use figures/vf_all.png>
Package pdftex.def Info: figures/vf_all.png used on input line 451.
(pdftex.def)             Requested size: 426.78961pt x 482.60054pt.

[60] <figures/vf_all45.png, id=1163, 469.755pt x 531.1845pt>
File: figures/vf_all45.png Graphic file (type png)

<use figures/vf_all45.png>
Package pdftex.def Info: figures/vf_all45.png used on input line 460.
(pdftex.def)             Requested size: 426.78961pt x 482.60054pt.
 [61 <./figures/vf_all.png>] [62 <./figures/vf_all45.png>] [63] <figures/para_e
val.png, id=1194, 433.62pt x 220.4235pt>
File: figures/para_eval.png Graphic file (type png)

<use figures/para_eval.png>
Package pdftex.def Info: figures/para_eval.png used on input line 488.
(pdftex.def)             Requested size: 426.81056pt x 216.962pt.
 [64] [65 <./figures/para_eval.png>] [66] [67]
(bu2.bbl [68




]pdfTeX warning (ext4): destination with the same identifier (name{cite.Gastell
u-Etchegorry1996}) has been already used, duplicate ignored
<to be read again> 
                   \relax 
l.46 ...rry et~al., 1996]{Gastellu-Etchegorry1996}
                                                   [69]pdfTeX warning (ext4): d
estination with the same identifier (name{cite.Peng2012}) has been already used
, duplicate ignored
<to be read again> 
                   \relax 
l.112 \bibitem[Peng et~al., 2012]{Peng2012}
                                           
Missing character: There is no â in font ptmr7t!
Missing character: There is no € in font ptmr7t!
Missing character: There is no “ in font ptmr7t!
pdfTeX warning (ext4): destination with the same identifier (name{cite.Roth1989
}) has been already used, duplicate ignored
<to be read again> 
                   \relax 
l.137 \bibitem[Roth et~al., 1989]{Roth1989}
                                            [70]pdfTeX warning (ext4): destinat
ion with the same identifier (name{cite.Voogt1997}) has been already used, dupl
icate ignored
<to be read again> 
                   \relax 
l.161 \bibitem[Voogt and Oke, 1997]{Voogt1997}
                                               [71]) (bu2.aux) (bu.aux))
(paper2.tex [72]
Chapter 3.
(bu3.aux)
\openout4 = `bu3.aux'.

 [73


] [74]
Missing character: There is no â in font ptmr7t!
Missing character: There is no € in font ptmr7t!
Missing character: There is no ˜ in font ptmr7t!
Missing character: There is no â in font ptmr7t!
Missing character: There is no € in font ptmr7t!
Missing character: There is no ™ in font ptmr7t!
Missing character: There is no â in font ptmr7t!
Missing character: There is no € in font ptmr7t!
Missing character: There is no œ in font ptmr7t!
Missing character: There is no â in font ptmr7t!
Missing character: There is no € in font ptmr7t!
Missing character: There is no  in font ptmr7t!
 [75]
Missing character: There is no â in font ptmr7t!
Missing character: There is no € in font ptmr7t!
Missing character: There is no ˜ in font ptmr7t!
Missing character: There is no â in font ptmr7t!
Missing character: There is no € in font ptmr7t!
Missing character: There is no ™ in font ptmr7t!
 [76]

Package hyperref Warning: Token not allowed in a PDF string (PDFDocEncoding):
(hyperref)                removing `\mathsurround' on input line 35.


Package hyperref Warning: Token not allowed in a PDF string (PDFDocEncoding):
(hyperref)                removing `\z@' on input line 35.


Package hyperref Warning: Token not allowed in a PDF string (PDFDocEncoding):
(hyperref)                removing `subscript' on input line 35.

[77] [78]
Missing character: There is no â in font ptmr7t!
Missing character: There is no € in font ptmr7t!
Missing character: There is no ˜ in font ptmr7t!
Missing character: There is no â in font ptmr7t!
Missing character: There is no € in font ptmr7t!
Missing character: There is no ™ in font ptmr7t!
 [79] [80] [81]
Missing character: There is no â in font ptmr7t!
Missing character: There is no € in font ptmr7t!
Missing character: There is no  in font ptmr7t!
Missing character: There is no â in font ptmr7t!
Missing character: There is no € in font ptmr7t!
Missing character: There is no  in font ptmr7t!
Missing character: There is no â in font ptmr7t!
Missing character: There is no € in font ptmr7t!
Missing character: There is no  in font ptmr7t!
Missing character: There is no â in font ptmr7t!
Missing character: There is no € in font ptmr7t!
Missing character: There is no  in font ptmr7t!
 [82]
Overfull \hbox (26.07007pt too wide) in alignment at lines 72--85
[][][][][] 
 []


Underfull \hbox (badness 10000) in paragraph at lines 101--101
\OT1/ptm/m/it/12 Urban/Suburban
 []


Overfull \hbox (26.07007pt too wide) in alignment at lines 96--105
[][][][][] 
 []

[83] [84] [85] <figures/heatsuhi.png, id=1380, 462.528pt x 346.896pt>
File: figures/heatsuhi.png Graphic file (type png)

<use figures/heatsuhi.png>
Package pdftex.def Info: figures/heatsuhi.png used on input line 140.
(pdftex.def)             Requested size: 426.8154pt x 320.11154pt.
 [86 <./figures/heatsuhi.png>]
<figures/heatatuhi.png, id=1388, 462.528pt x 346.896pt>
File: figures/heatatuhi.png Graphic file (type png)

<use figures/heatatuhi.png>
Package pdftex.def Info: figures/heatatuhi.png used on input line 149.
(pdftex.def)             Requested size: 426.8154pt x 320.11154pt.
 [87 <./figures/heatatuhi.png>]
<figures/heat_uhi_diff.png, id=1395, 462.528pt x 346.896pt>
File: figures/heat_uhi_diff.png Graphic file (type png)

<use figures/heat_uhi_diff.png>
Package pdftex.def Info: figures/heat_uhi_diff.png used on input line 158.
(pdftex.def)             Requested size: 426.8154pt x 320.11154pt.

<figures/vanc_suhi.png, id=1397, 462.528pt x 346.896pt>
File: figures/vanc_suhi.png Graphic file (type png)

<use figures/vanc_suhi.png>
Package pdftex.def Info: figures/vanc_suhi.png used on input line 167.
(pdftex.def)             Requested size: 426.8154pt x 320.11154pt.
 [88 <./figures/heat_uhi_diff.png>]
<figures/bxsUHI_season_bubble.png, id=1404, 433.62pt x 567.3195pt>
File: figures/bxsUHI_season_bubble.png Graphic file (type png)

<use figures/bxsUHI_season_bubble.png>
Package pdftex.def Info: figures/bxsUHI_season_bubble.png used on input line 17
6.
(pdftex.def)             Requested size: 386.66824pt x 505.89096pt.
 [89 <./figures/vanc_suhi.png>]
Overfull \vbox (10.89095pt too high) has occurred while \output is active []


[90 <./figures/bxsUHI_season_bubble.png>]
<figures/bxsUHI_season_vanc.png, id=1416, 433.62pt x 567.3195pt>
File: figures/bxsUHI_season_vanc.png Graphic file (type png)

<use figures/bxsUHI_season_vanc.png>
Package pdftex.def Info: figures/bxsUHI_season_vanc.png used on input line 183.

(pdftex.def)             Requested size: 386.66824pt x 505.89096pt.

Overfull \vbox (10.89095pt too high) has occurred while \output is active []


[91 <./figures/bxsUHI_season_vanc.png>]
<figures/bxsUHI_iop_bubble.png, id=1423, 433.62pt x 567.3195pt>
File: figures/bxsUHI_iop_bubble.png Graphic file (type png)

<use figures/bxsUHI_iop_bubble.png>
Package pdftex.def Info: figures/bxsUHI_iop_bubble.png used on input line 194.
(pdftex.def)             Requested size: 386.66824pt x 505.89096pt.
 [92]
Overfull \vbox (25.39095pt too high) has occurred while \output is active []


[93 <./figures/bxsUHI_iop_bubble.png>] [94]
<figures/meteo_kdown.png, id=1442, 469.755pt x 234.8775pt>
File: figures/meteo_kdown.png Graphic file (type png)

<use figures/meteo_kdown.png>
Package pdftex.def Info: figures/meteo_kdown.png used on input line 213.
(pdftex.def)             Requested size: 426.78961pt x 213.39479pt.

<figures/meteo_wv.png, id=1443, 469.755pt x 234.8775pt>
File: figures/meteo_wv.png Graphic file (type png)

<use figures/meteo_wv.png>
Package pdftex.def Info: figures/meteo_wv.png used on input line 220.
(pdftex.def)             Requested size: 426.78961pt x 213.39479pt.
 [95 <./figures/meteo_kdown.png>]
<figures/meteo_hum.png, id=1450, 469.755pt x 234.8775pt>
File: figures/meteo_hum.png Graphic file (type png)

<use figures/meteo_hum.png>
Package pdftex.def Info: figures/meteo_hum.png used on input line 227.
(pdftex.def)             Requested size: 426.78961pt x 213.39479pt.
 [96 <./figures/meteo_wv.png>]
<figures/meteo_atuhi.png, id=1456, 469.755pt x 234.8775pt>
File: figures/meteo_atuhi.png Graphic file (type png)

<use figures/meteo_atuhi.png>
Package pdftex.def Info: figures/meteo_atuhi.png used on input line 234.
(pdftex.def)             Requested size: 426.78961pt x 213.39479pt.
 [97 <./figures/meteo_hum.png>]
Missing character: There is no â in font ptmr7t!
Missing character: There is no € in font ptmr7t!
Missing character: There is no ™ in font ptmr7t!
 [98 <./figures/meteo_atuhi.png>] <figures/vanc_kdown.png, id=1472, 469.755pt x
 234.8775pt>
File: figures/vanc_kdown.png Graphic file (type png)

<use figures/vanc_kdown.png>
Package pdftex.def Info: figures/vanc_kdown.png used on input line 250.
(pdftex.def)             Requested size: 426.78961pt x 213.39479pt.
 [99]
<figures/vanc_wv.png, id=1477, 469.755pt x 234.8775pt>
File: figures/vanc_wv.png Graphic file (type png)

<use figures/vanc_wv.png>
Package pdftex.def Info: figures/vanc_wv.png used on input line 257.
(pdftex.def)             Requested size: 426.78961pt x 213.39479pt.
 [100 <./figures/vanc_kdown.png>]
<figures/vanc_hum.png, id=1483, 469.755pt x 234.8775pt>
File: figures/vanc_hum.png Graphic file (type png)

<use figures/vanc_hum.png>
Package pdftex.def Info: figures/vanc_hum.png used on input line 264.
(pdftex.def)             Requested size: 426.78961pt x 213.39479pt.
 [101 <./figures/vanc_wv.png>]
<figures/vanc_swc_dn.png, id=1490, 469.755pt x 234.8775pt>
File: figures/vanc_swc_dn.png Graphic file (type png)

<use figures/vanc_swc_dn.png>
Package pdftex.def Info: figures/vanc_swc_dn.png used on input line 271.
(pdftex.def)             Requested size: 426.78961pt x 213.39479pt.
 [102 <./figures/vanc_hum.png>] [103 <./figures/vanc_swc_dn.png>]
<figures/rur_uhi_means1.png, id=1503, 1355.0625pt x 1693.82813pt>
File: figures/rur_uhi_means1.png Graphic file (type png)

<use figures/rur_uhi_means1.png>
Package pdftex.def Info: figures/rur_uhi_means1.png used on input line 286.
(pdftex.def)             Requested size: 404.70235pt x 505.87794pt.
 [104]
Overfull \vbox (54.37793pt too high) has occurred while \output is active []


[105 <./figures/rur_uhi_means1.png>]
<figures/gen_case.png, id=1513, 1355.0625pt x 1693.82813pt>
File: figures/gen_case.png Graphic file (type png)

<use figures/gen_case.png>
Package pdftex.def Info: figures/gen_case.png used on input line 293.
(pdftex.def)             Requested size: 404.70235pt x 505.87794pt.

Overfull \vbox (10.87793pt too high) has occurred while \output is active []


[106 <./figures/gen_case.png>] [107] [108] [109] [110] [111]
Missing character: There is no â in font ptmr7t!
Missing character: There is no € in font ptmr7t!
Missing character: There is no œ in font ptmr7t!
Missing character: There is no â in font ptmr7t!
Missing character: There is no € in font ptmr7t!
Missing character: There is no  in font ptmr7t!
 [112] [113]
[114] [115] [116] [117] [118] (bu3.bblpdfTeX warning (ext4): destination with t
he same identifier (name{cite.Adderley2015}) has been already used, duplicate i
gnored
<to be read again> 
                   \relax 
l.3 \bibitem[Adderley et~al., 2015]{Adderley2015}
                                                 pdfTeX warning (ext4): destina
tion with the same identifier (name{cite.Berk1987}) has been already used, dupl
icate ignored
<to be read again> 
                   \relax 
l.9 \bibitem[Berk et~al., 1987]{Berk1987}
                                         pdfTeX warning (ext4): destination wit
h the same identifier (name{cite.Christen2012}) has been already used, duplicat
e ignored
<to be read again> 
                   \relax 
l.14 \bibitem[Christen et~al., 2012]{Christen2012}
                                                  pdfTeX warning (ext4): destin
ation with the same identifier (name{cite.Hoch2005}) has been already used, dup
licate ignored
<to be read again> 
                   \relax 
l.26 \bibitem[Hoch, 2005]{Hoch2005}
                                   pdfTeX warning (ext4): destination with the 
same identifier (name{cite.Hoch2007}) has been already used, duplicate ignored
<to be read again> 
                   \relax 
l.32 \bibitem[Hoch et~al., 2007]{Hoch2007}
                                          pdfTeX warning (ext4): destination wi
th the same identifier (name{cite.Lagouarde2012}) has been already used, duplic
ate ignored
<to be read again> 
                   \relax 
l.39 ...tem[Lagouarde et~al., 2012]{Lagouarde2012}
                                                   [119




]pdfTeX warning (ext4): destination with the same identifier (name{cite.Oke2017
}) has been already used, duplicate ignored
<to be read again> 
                   \relax 
l.47 \bibitem[Oke et~al., 2017]{Oke2017}
                                        pdfTeX warning (ext4): destination with
 the same identifier (name{cite.Peng2012}) has been already used, duplicate ign
ored
<to be read again> 
                   \relax 
l.52 \bibitem[Peng et~al., 2012]{Peng2012}
                                          pdfTeX warning (ext4): destination wi
th the same identifier (name{cite.Roberts2010}) has been already used, duplicat
e ignored
<to be read again> 
                   \relax 
l.58 \bibitem[Roberts, 2010]{Roberts2010}
                                         pdfTeX warning (ext4): destination wit
h the same identifier (name{cite.Rotach2005}) has been already used, duplicate 
ignored
<to be read again> 
                   \relax 
l.63 \bibitem[Rotach et~al., 2005]{Rotach2005}
                                              
Missing character: There is no â in font ptmr7t!
Missing character: There is no € in font ptmr7t!
Missing character: There is no “ in font ptmr7t!
pdfTeX warning (ext4): destination with the same identifier (name{cite.Soux2004
}) has been already used, duplicate ignored
<to be read again> 
                   \relax 
l.77 \bibitem[Soux et~al., 2004]{Soux2004}
                                          pdfTeX warning (ext4): destination wi
th the same identifier (name{cite.Stewart2011}) has been already used, duplicat
e ignored
<to be read again> 
                   \relax 
l.83 \bibitem[Stewart, 2011]{Stewart2011}
                                          [120]pdfTeX warning (ext4): destinati
on with the same identifier (name{cite.Voogt1998a}) has been already used, dupl
icate ignored
<to be read again> 
                   \relax 
l.94 \bibitem[Voogt and Oke, 1998]{Voogt1998a}
                                              pdfTeX warning (ext4): destinatio
n with the same identifier (name{cite.Voogt2003}) has been already used, duplic
ate ignored
<to be read again> 
                   \relax 
l.101 \bibitem[Voogt and Oke, 2003]{Voogt2003}
                                              ) (bu3.aux) (bu.aux))
(conclusion.tex [121]
Chapter 4.
(bu4.aux)
\openout4 = `bu4.aux'.

 [122


] [123] [124] [125] [126] [127] (bu4.bblpdfTeX warning (ext4): destination with
 the same identifier (name{cite.Adderley2015}) has been already used, duplicate
 ignored
<to be read again> 
                   \relax 
l.3 \bibitem[Adderley et~al., 2015]{Adderley2015}
                                                 pdfTeX warning (ext4): destina
tion with the same identifier (name{cite.Berk1987}) has been already used, dupl
icate ignored
<to be read again> 
                   \relax 
l.9 \bibitem[Berk et~al., 1987]{Berk1987}
                                         pdfTeX warning (ext4): destination wit
h the same identifier (name{cite.Roberts2010}) has been already used, duplicate
 ignored
<to be read again> 
                   \relax 
l.21 \bibitem[Roberts, 2010]{Roberts2010}
                                         pdfTeX warning (ext4): destination wit
h the same identifier (name{cite.Roth1989}) has been already used, duplicate ig
nored
<to be read again> 
                   \relax 
l.26 \bibitem[Roth et~al., 1989]{Roth1989}
                                          pdfTeX warning (ext4): destination wi
th the same identifier (name{cite.Soux2004}) has been already used, duplicate i
gnored
<to be read again> 
                   \relax 
l.32 \bibitem[Soux et~al., 2004]{Soux2004}
                                          pdfTeX warning (ext4): destination wi
th the same identifier (name{cite.Stewart2011}) has been already used, duplicat
e ignored
<to be read again> 
                   \relax 
l.38 \bibitem[Stewart, 2011]{Stewart2011}
                                          [128




]) (bu4.aux) (bu.aux)) [129]
(appendix_a.tex
Appendix A.
[130




]

LaTeX Warning: No positions in optional float specifier.
               Default added (so using `tbp') on input line 6.


LaTeX Warning: Float too large for page by 11.7308pt on input line 68.


LaTeX Warning: No positions in optional float specifier.
               Default added (so using `tbp') on input line 71.


LaTeX Warning: No positions in optional float specifier.
               Default added (so using `tbp') on input line 133.


LaTeX Warning: No positions in optional float specifier.
               Default added (so using `tbp') on input line 195.


LaTeX Warning: No positions in optional float specifier.
               Default added (so using `tbp') on input line 257.

(bu.aux))

Package glossaries Warning: No \printglossary or \printglossaries found. 
(Remove \makeglossaries if you don't want any glossaries.) 
This document will not have a glossary.

Package atveryend Info: Empty hook `BeforeClearDocument' on input line 262.
[131] [132] [133] [134] [135]
Package atveryend Info: Empty hook `AfterLastShipout' on input line 262.
 (uw-ethesis.aux)
Package atveryend Info: Executing hook `AtVeryEndDocument' on input line 262.
Package atveryend Info: Executing hook `AtEndAfterFileList' on input line 262.
Package rerunfilecheck Info: File `uw-ethesis.out' has not changed.
(rerunfilecheck)             Checksum: D24F4D7CD2203DFA4BD5835FB76F971F;4649.
 ) 
Here is how much of TeX's memory you used:
 26244 strings out of 493333
 506031 string characters out of 3139194
 722059 words of memory out of 3000000
 28959 multiletter control sequences out of 15000+200000
 47157 words of font info for 120 fonts, out of 3000000 for 9000
 1141 hyphenation exceptions out of 8191
 53i,20n,77p,10383b,1267s stack positions out of 5000i,500n,10000p,200000b,50000s
pdfTeX warning (dest): name{Hfootnote.7} has been referenced but does not exi
st, replaced by a fixed one

pdfTeX warning (dest): name{Hfootnote.6} has been referenced but does not exist
, replaced by a fixed one

pdfTeX warning (dest): name{Hfootnote.5} has been referenced but does not exist
, replaced by a fixed one

pdfTeX warning (dest): name{Hfootnote.4} has been referenced but does not exist
, replaced by a fixed one

{C:/Program Files/MiKTeX 2.9/fonts/enc/dvips/base/8r.enc}<C:/Program Files/MiKT
eX 2.9/fonts/type1/public/amsfonts/cm/cmex10.pfb><C:/Program Files/MiKTeX 2.9/f
onts/type1/public/amsfonts/cm/cmmi12.pfb><C:/Program Files/MiKTeX 2.9/fonts/typ
e1/public/amsfonts/cm/cmmi7.pfb><C:/Program Files/MiKTeX 2.9/fonts/type1/public
/amsfonts/cm/cmmi8.pfb><C:/Program Files/MiKTeX 2.9/fonts/type1/public/amsfonts
/cm/cmr10.pfb><C:/Program Files/MiKTeX 2.9/fonts/type1/public/amsfonts/cm/cmr12
.pfb><C:/Program Files/MiKTeX 2.9/fonts/type1/public/amsfonts/cm/cmr6.pfb><C:/P
rogram Files/MiKTeX 2.9/fonts/type1/public/amsfonts/cm/cmr7.pfb><C:/Program Fil
es/MiKTeX 2.9/fonts/type1/public/amsfonts/cm/cmr8.pfb><C:/Program Files/MiKTeX 
2.9/fonts/type1/public/amsfonts/cm/cmsy10.pfb><C:/Program Files/MiKTeX 2.9/font
s/type1/public/amsfonts/cm/cmsy6.pfb><C:/Program Files/MiKTeX 2.9/fonts/type1/p
ublic/amsfonts/cm/cmsy7.pfb><C:/Program Files/MiKTeX 2.9/fonts/type1/public/ams
fonts/cm/cmsy8.pfb><C:/Program Files/MiKTeX 2.9/fonts/type1/urw/times/utmb8a.pf
b><C:/Program Files/MiKTeX 2.9/fonts/type1/urw/times/utmr8a.pfb><C:/Program Fil
es/MiKTeX 2.9/fonts/type1/urw/times/utmri8a.pfb>
Output written on uw-ethesis.pdf (155 pages, 12953715 bytes).
PDF statistics:
 1838 PDF objects out of 2073 (max. 8388607)
 370 named destinations out of 1000 (max. 500000)
 654 words of extra memory for PDF output out of 10000 (max. 10000000)

